# JRE version: Java(TM) SE Runtime Environment (8.0_191-b12) (build 1.8.0_191-b12)
# Java VM: Java HotSpot(TM) 64-Bit Server VM (25.191-b12 mixed mode linux-amd64 compressed oops)
Heap:
 PSYoungGen      total 776192K, used 8672K [0x000000076d180000, 0x000000079ff80000, 0x00000007c0000000)
  eden space 745984K, 0% used [0x000000076d180000,0x000000076d180000,0x000000079aa00000)
  from space 30208K, 28% used [0x000000079c480000,0x000000079ccf8060,0x000000079e200000)
  to   space 19456K, 0% used [0x000000079ec80000,0x000000079ec80000,0x000000079ff80000)
 ParOldGen       total 598528K, used 496076K [0x00000006c7400000, 0x00000006ebc80000, 0x000000076d180000)
  object space 598528K, 82% used [0x00000006c7400000,0x00000006e58733c0,0x00000006ebc80000)
 Metaspace       used 49222K, capacity 49762K, committed 50008K, reserved 1093632K
  class space    used 6600K, capacity 6718K, committed 6784K, reserved 1048576K
GC Heap History (10 events):
Event: 15.781 GC heap after
Heap after GC invocations=25 (full 2):
 PSYoungGen      total 494080K, used 12672K [0x000000076d180000, 0x0000000796080000, 0x00000007c0000000)
  eden space 480256K, 0% used [0x000000076d180000,0x000000076d180000,0x000000078a680000)
  from space 13824K, 91% used [0x000000078a680000,0x000000078b2e0020,0x000000078b400000)
  to   space 15872K, 0% used [0x0000000795100000,0x0000000795100000,0x0000000796080000)
 ParOldGen       total 102400K, used 72591K [0x00000006c7400000, 0x00000006cd800000, 0x000000076d180000)
  object space 102400K, 70% used [0x00000006c7400000,0x00000006cbae3ee8,0x00000006cd800000)
 Metaspace       used 36304K, capacity 36726K, committed 36952K, reserved 1081344K
  class space    used 5275K, capacity 5404K, committed 5504K, reserved 1048576K
}
Event: 16.036 GC heap before
{Heap before GC invocations=26 (full 2):
 PSYoungGen      total 494080K, used 492928K [0x000000076d180000, 0x0000000796080000, 0x00000007c0000000)
  eden space 480256K, 100% used [0x000000076d180000,0x000000078a680000,0x000000078a680000)
  from space 13824K, 91% used [0x000000078a680000,0x000000078b2e0020,0x000000078b400000)
  to   space 15872K, 0% used [0x0000000795100000,0x0000000795100000,0x0000000796080000)
 ParOldGen       total 102400K, used 72591K [0x00000006c7400000, 0x00000006cd800000, 0x000000076d180000)
  object space 102400K, 70% used [0x00000006c7400000,0x00000006cbae3ee8,0x00000006cd800000)
 Metaspace       used 36304K, capacity 36726K, committed 36952K, reserved 1081344K
  class space    used 5275K, capacity 5404K, committed 5504K, reserved 1048576K
Event: 16.041 GC heap after
Heap after GC invocations=26 (full 2):
 PSYoungGen      total 653824K, used 12480K [0x000000076d180000, 0x0000000796200000, 0x00000007c0000000)
  eden space 637952K, 0% used [0x000000076d180000,0x000000076d180000,0x0000000794080000)
  from space 15872K, 78% used [0x0000000795100000,0x0000000795d30000,0x0000000796080000)
  to   space 16896K, 0% used [0x0000000794080000,0x0000000794080000,0x0000000795100000)
 ParOldGen       total 102400K, used 85767K [0x00000006c7400000, 0x00000006cd800000, 0x000000076d180000)
  object space 102400K, 83% used [0x00000006c7400000,0x00000006cc7c1f08,0x00000006cd800000)
 Metaspace       used 36304K, capacity 36726K, committed 36952K, reserved 1081344K
  class space    used 5275K, capacity 5404K, committed 5504K, reserved 1048576K
}
Event: 16.359 GC heap before
{Heap before GC invocations=27 (full 2):
 PSYoungGen      total 653824K, used 650432K [0x000000076d180000, 0x0000000796200000, 0x00000007c0000000)
  eden space 637952K, 100% used [0x000000076d180000,0x0000000794080000,0x0000000794080000)
  from space 15872K, 78% used [0x0000000795100000,0x0000000795d30000,0x0000000796080000)
  to   space 16896K, 0% used [0x0000000794080000,0x0000000794080000,0x0000000795100000)
 ParOldGen       total 102400K, used 85767K [0x00000006c7400000, 0x00000006cd800000, 0x000000076d180000)
  object space 102400K, 83% used [0x00000006c7400000,0x00000006cc7c1f08,0x00000006cd800000)
 Metaspace       used 36304K, capacity 36726K, committed 36952K, reserved 1081344K
  class space    used 5275K, capacity 5404K, committed 5504K, reserved 1048576K
Event: 16.365 GC heap after
Heap after GC invocations=27 (full 2):
 PSYoungGen      total 654848K, used 16544K [0x000000076d180000, 0x000000079ff80000, 0x00000007c0000000)
  eden space 637952K, 0% used [0x000000076d180000,0x000000076d180000,0x0000000794080000)
  from space 16896K, 97% used [0x0000000794080000,0x00000007950a8000,0x0000000795100000)
  to   space 19456K, 0% used [0x000000079ec80000,0x000000079ec80000,0x000000079ff80000)
 ParOldGen       total 102400K, used 98783K [0x00000006c7400000, 0x00000006cd800000, 0x000000076d180000)
  object space 102400K, 96% used [0x00000006c7400000,0x00000006cd477f08,0x00000006cd800000)
 Metaspace       used 36304K, capacity 36726K, committed 36952K, reserved 1081344K
  class space    used 5275K, capacity 5404K, committed 5504K, reserved 1048576K
}
Event: 16.365 GC heap before
{Heap before GC invocations=28 (full 3):
 PSYoungGen      total 654848K, used 16544K [0x000000076d180000, 0x000000079ff80000, 0x00000007c0000000)
  eden space 637952K, 0% used [0x000000076d180000,0x000000076d180000,0x0000000794080000)
  from space 16896K, 97% used [0x0000000794080000,0x00000007950a8000,0x0000000795100000)
  to   space 19456K, 0% used [0x000000079ec80000,0x000000079ec80000,0x000000079ff80000)
 ParOldGen       total 102400K, used 98783K [0x00000006c7400000, 0x00000006cd800000, 0x000000076d180000)
  object space 102400K, 96% used [0x00000006c7400000,0x00000006cd477f08,0x00000006cd800000)
 Metaspace       used 36304K, capacity 36726K, committed 36952K, reserved 1081344K
  class space    used 5275K, capacity 5404K, committed 5504K, reserved 1048576K
Event: 16.438 GC heap after
Heap after GC invocations=28 (full 3):
 PSYoungGen      total 654848K, used 5523K [0x000000076d180000, 0x000000079ff80000, 0x00000007c0000000)
  eden space 637952K, 0% used [0x000000076d180000,0x000000076d180000,0x0000000794080000)
  from space 16896K, 32% used [0x0000000794080000,0x00000007945e4f70,0x0000000795100000)
  to   space 19456K, 0% used [0x000000079ec80000,0x000000079ec80000,0x000000079ff80000)
 ParOldGen       total 232448K, used 102021K [0x00000006c7400000, 0x00000006d5700000, 0x000000076d180000)
  object space 232448K, 43% used [0x00000006c7400000,0x00000006cd7a14d8,0x00000006d5700000)
 Metaspace       used 36300K, capacity 36720K, committed 36952K, reserved 1081344K
  class space    used 5274K, capacity 5403K, committed 5504K, reserved 1048576K
}
Event: 20.627 GC heap before
{Heap before GC invocations=29 (full 3):
 PSYoungGen      total 654848K, used 643475K [0x000000076d180000, 0x000000079ff80000, 0x00000007c0000000)
  eden space 637952K, 100% used [0x000000076d180000,0x0000000794080000,0x0000000794080000)
  from space 16896K, 32% used [0x0000000794080000,0x00000007945e4f70,0x0000000795100000)
  to   space 19456K, 0% used [0x000000079ec80000,0x000000079ec80000,0x000000079ff80000)
 ParOldGen       total 232448K, used 102021K [0x00000006c7400000, 0x00000006d5700000, 0x000000076d180000)
  object space 232448K, 43% used [0x00000006c7400000,0x00000006cd7a14d8,0x00000006d5700000)
 Metaspace       used 40518K, capacity 41060K, committed 41176K, reserved 1085440K
  class space    used 5933K, capacity 6057K, committed 6144K, reserved 1048576K
Event: 20.636 GC heap after
Heap after GC invocations=29 (full 3):
 PSYoungGen      total 765440K, used 19440K [0x000000076d180000, 0x000000079ff80000, 0x00000007c0000000)
  eden space 745984K, 0% used [0x000000076d180000,0x000000076d180000,0x000000079aa00000)
  from space 19456K, 99% used [0x000000079ec80000,0x000000079ff7c008,0x000000079ff80000)
  to   space 30208K, 0% used [0x000000079c480000,0x000000079c480000,0x000000079e200000)
 ParOldGen       total 232448K, used 123398K [0x00000006c7400000, 0x00000006d5700000, 0x000000076d180000)
  object space 232448K, 53% used [0x00000006c7400000,0x00000006cec81828,0x00000006d5700000)
 Metaspace       used 40518K, capacity 41060K, committed 41176K, reserved 1085440K
  class space    used 5933K, capacity 6057K, committed 6144K, reserved 1048576K
}
Event: 22.150 GC heap before
{Heap before GC invocations=30 (full 3):
 PSYoungGen      total 765440K, used 765424K [0x000000076d180000, 0x000000079ff80000, 0x00000007c0000000)
  eden space 745984K, 100% used [0x000000076d180000,0x000000079aa00000,0x000000079aa00000)
  from space 19456K, 99% used [0x000000079ec80000,0x000000079ff7c008,0x000000079ff80000)
  to   space 30208K, 0% used [0x000000079c480000,0x000000079c480000,0x000000079e200000)
 ParOldGen       total 232448K, used 123398K [0x00000006c7400000, 0x00000006d5700000, 0x000000076d180000)
  object space 232448K, 53% used [0x00000006c7400000,0x00000006cec81828,0x00000006d5700000)
 Metaspace       used 49222K, capacity 49762K, committed 50008K, reserved 1093632K
  class space    used 6600K, capacity 6718K, committed 6784K, reserved 1048576K

