# JRE version: Java(TM) SE Runtime Environment (8.0_191-b12) (build 1.8.0_191-b12)
# Java VM: Java HotSpot(TM) 64-Bit Server VM (25.191-b12 mixed mode linux-amd64 compressed oops)
Heap:
 PSYoungGen      total 739840K, used 20973K [0x000000076d180000, 0x000000079bc80000, 0x00000007c0000000)
  eden space 718848K, 0% used [0x000000076d180000,0x000000076d180000,0x0000000798f80000)
  from space 20992K, 99% used [0x0000000799380000,0x000000079a7fb470,0x000000079a800000)
  to   space 14848K, 0% used [0x000000079ae00000,0x000000079ae00000,0x000000079bc80000)
 ParOldGen       total 525824K, used 494371K [0x00000006c7400000, 0x00000006e7580000, 0x000000076d180000)
  object space 525824K, 94% used [0x00000006c7400000,0x00000006e56c8fd8,0x00000006e7580000)
 Metaspace       used 51706K, capacity 52296K, committed 52568K, reserved 1095680K
  class space    used 6818K, capacity 6943K, committed 7000K, reserved 1048576K
GC Heap History (10 events):
Event: 16.866 GC heap after
Heap after GC invocations=25 (full 3):
 PSYoungGen      total 526336K, used 0K [0x000000076d180000, 0x000000078e200000, 0x00000007c0000000)
  eden space 512512K, 0% used [0x000000076d180000,0x000000076d180000,0x000000078c600000)
  from space 13824K, 0% used [0x000000078d400000,0x000000078d400000,0x000000078e180000)
  to   space 14336K, 0% used [0x000000078c600000,0x000000078c600000,0x000000078d400000)
 ParOldGen       total 159744K, used 68991K [0x00000006c7400000, 0x00000006d1000000, 0x000000076d180000)
  object space 159744K, 43% used [0x00000006c7400000,0x00000006cb75fd78,0x00000006d1000000)
 Metaspace       used 36301K, capacity 36720K, committed 36952K, reserved 1081344K
  class space    used 5272K, capacity 5403K, committed 5464K, reserved 1048576K
}
Event: 17.130 GC heap before
{Heap before GC invocations=26 (full 3):
 PSYoungGen      total 526336K, used 512512K [0x000000076d180000, 0x000000078e200000, 0x00000007c0000000)
  eden space 512512K, 100% used [0x000000076d180000,0x000000078c600000,0x000000078c600000)
  from space 13824K, 0% used [0x000000078d400000,0x000000078d400000,0x000000078e180000)
  to   space 14336K, 0% used [0x000000078c600000,0x000000078c600000,0x000000078d400000)
 ParOldGen       total 159744K, used 68991K [0x00000006c7400000, 0x00000006d1000000, 0x000000076d180000)
  object space 159744K, 43% used [0x00000006c7400000,0x00000006cb75fd78,0x00000006d1000000)
 Metaspace       used 36301K, capacity 36720K, committed 36952K, reserved 1081344K
  class space    used 5272K, capacity 5403K, committed 5464K, reserved 1048576K
Event: 17.134 GC heap after
Heap after GC invocations=26 (full 3):
 PSYoungGen      total 526848K, used 13376K [0x000000076d180000, 0x0000000795480000, 0x00000007c0000000)
  eden space 512512K, 0% used [0x000000076d180000,0x000000076d180000,0x000000078c600000)
  from space 14336K, 93% used [0x000000078c600000,0x000000078d310000,0x000000078d400000)
  to   space 16384K, 0% used [0x0000000794480000,0x0000000794480000,0x0000000795480000)
 ParOldGen       total 159744K, used 68991K [0x00000006c7400000, 0x00000006d1000000, 0x000000076d180000)
  object space 159744K, 43% used [0x00000006c7400000,0x00000006cb75fd78,0x00000006d1000000)
 Metaspace       used 36301K, capacity 36720K, committed 36952K, reserved 1081344K
  class space    used 5272K, capacity 5403K, committed 5464K, reserved 1048576K
}
Event: 17.357 GC heap before
{Heap before GC invocations=27 (full 3):
 PSYoungGen      total 526848K, used 525888K [0x000000076d180000, 0x0000000795480000, 0x00000007c0000000)
  eden space 512512K, 100% used [0x000000076d180000,0x000000078c600000,0x000000078c600000)
  from space 14336K, 93% used [0x000000078c600000,0x000000078d310000,0x000000078d400000)
  to   space 16384K, 0% used [0x0000000794480000,0x0000000794480000,0x0000000795480000)
 ParOldGen       total 159744K, used 68991K [0x00000006c7400000, 0x00000006d1000000, 0x000000076d180000)
  object space 159744K, 43% used [0x00000006c7400000,0x00000006cb75fd78,0x00000006d1000000)
 Metaspace       used 36301K, capacity 36720K, committed 36952K, reserved 1081344K
  class space    used 5272K, capacity 5403K, committed 5464K, reserved 1048576K
Event: 17.366 GC heap after
Heap after GC invocations=27 (full 3):
 PSYoungGen      total 640512K, used 13312K [0x000000076d180000, 0x0000000796000000, 0x00000007c0000000)
  eden space 624128K, 0% used [0x000000076d180000,0x000000076d180000,0x0000000793300000)
  from space 16384K, 81% used [0x0000000794480000,0x0000000795180000,0x0000000795480000)
  to   space 17920K, 0% used [0x0000000793300000,0x0000000793300000,0x0000000794480000)
 ParOldGen       total 159744K, used 82903K [0x00000006c7400000, 0x00000006d1000000, 0x000000076d180000)
  object space 159744K, 51% used [0x00000006c7400000,0x00000006cc4f5d78,0x00000006d1000000)
 Metaspace       used 36301K, capacity 36720K, committed 36952K, reserved 1081344K
  class space    used 5272K, capacity 5403K, committed 5464K, reserved 1048576K
}
Event: 17.757 GC heap before
{Heap before GC invocations=28 (full 3):
 PSYoungGen      total 640512K, used 637440K [0x000000076d180000, 0x0000000796000000, 0x00000007c0000000)
  eden space 624128K, 100% used [0x000000076d180000,0x0000000793300000,0x0000000793300000)
  from space 16384K, 81% used [0x0000000794480000,0x0000000795180000,0x0000000795480000)
  to   space 17920K, 0% used [0x0000000793300000,0x0000000793300000,0x0000000794480000)
 ParOldGen       total 159744K, used 82903K [0x00000006c7400000, 0x00000006d1000000, 0x000000076d180000)
  object space 159744K, 51% used [0x00000006c7400000,0x00000006cc4f5d78,0x00000006d1000000)
 Metaspace       used 36393K, capacity 36784K, committed 36952K, reserved 1081344K
  class space    used 5287K, capacity 5403K, committed 5464K, reserved 1048576K
Event: 17.763 GC heap after
Heap after GC invocations=28 (full 3):
 PSYoungGen      total 642048K, used 16185K [0x000000076d180000, 0x000000079c180000, 0x00000007c0000000)
  eden space 624128K, 0% used [0x000000076d180000,0x000000076d180000,0x0000000793300000)
  from space 17920K, 90% used [0x0000000793300000,0x00000007942ce6a0,0x0000000794480000)
  to   space 19968K, 0% used [0x000000079ae00000,0x000000079ae00000,0x000000079c180000)
 ParOldGen       total 159744K, used 96751K [0x00000006c7400000, 0x00000006d1000000, 0x000000076d180000)
  object space 159744K, 60% used [0x00000006c7400000,0x00000006cd27bd78,0x00000006d1000000)
 Metaspace       used 36393K, capacity 36784K, committed 36952K, reserved 1081344K
  class space    used 5287K, capacity 5403K, committed 5464K, reserved 1048576K
}
Event: 19.943 GC heap before
{Heap before GC invocations=29 (full 3):
 PSYoungGen      total 642048K, used 640313K [0x000000076d180000, 0x000000079c180000, 0x00000007c0000000)
  eden space 624128K, 100% used [0x000000076d180000,0x0000000793300000,0x0000000793300000)
  from space 17920K, 90% used [0x0000000793300000,0x00000007942ce6a0,0x0000000794480000)
  to   space 19968K, 0% used [0x000000079ae00000,0x000000079ae00000,0x000000079c180000)
 ParOldGen       total 159744K, used 96751K [0x00000006c7400000, 0x00000006d1000000, 0x000000076d180000)
  object space 159744K, 60% used [0x00000006c7400000,0x00000006cd27bd78,0x00000006d1000000)
 Metaspace       used 40817K, capacity 41290K, committed 41432K, reserved 1085440K
  class space    used 5970K, capacity 6090K, committed 6104K, reserved 1048576K
Event: 19.950 GC heap after
Heap after GC invocations=29 (full 3):
 PSYoungGen      total 733696K, used 14727K [0x000000076d180000, 0x000000079bc80000, 0x00000007c0000000)
  eden space 718848K, 0% used [0x000000076d180000,0x000000076d180000,0x0000000798f80000)
  from space 14848K, 99% used [0x000000079ae00000,0x000000079bc61db0,0x000000079bc80000)
  to   space 20992K, 0% used [0x0000000799380000,0x0000000799380000,0x000000079a800000)
 ParOldGen       total 159744K, used 113633K [0x00000006c7400000, 0x00000006d1000000, 0x000000076d180000)
  object space 159744K, 71% used [0x00000006c7400000,0x00000006ce2f8418,0x00000006d1000000)
 Metaspace       used 40817K, capacity 41290K, committed 41432K, reserved 1085440K
  class space    used 5970K, capacity 6090K, committed 6104K, reserved 1048576K
}
Event: 21.390 GC heap before
{Heap before GC invocations=30 (full 3):
 PSYoungGen      total 733696K, used 733575K [0x000000076d180000, 0x000000079bc80000, 0x00000007c0000000)
  eden space 718848K, 100% used [0x000000076d180000,0x0000000798f80000,0x0000000798f80000)
  from space 14848K, 99% used [0x000000079ae00000,0x000000079bc61db0,0x000000079bc80000)
  to   space 20992K, 0% used [0x0000000799380000,0x0000000799380000,0x000000079a800000)
 ParOldGen       total 159744K, used 113633K [0x00000006c7400000, 0x00000006d1000000, 0x000000076d180000)
  object space 159744K, 71% used [0x00000006c7400000,0x00000006ce2f8418,0x00000006d1000000)
 Metaspace       used 51706K, capacity 52296K, committed 52568K, reserved 1095680K
  class space    used 6818K, capacity 6943K, committed 7000K, reserved 1048576K

