# JRE version: Java(TM) SE Runtime Environment (8.0_191-b12) (build 1.8.0_191-b12)
# Java VM: Java HotSpot(TM) 64-Bit Server VM (25.191-b12 mixed mode linux-amd64 compressed oops)
Heap:
 PSYoungGen      total 804864K, used 19449K [0x000000076d180000, 0x000000079f700000, 0x00000007c0000000)
  eden space 785408K, 0% used [0x000000076d180000,0x000000076d180000,0x000000079d080000)
  from space 19456K, 99% used [0x000000079d100000,0x000000079e3fe690,0x000000079e400000)
  to   space 15872K, 0% used [0x000000079e780000,0x000000079e780000,0x000000079f700000)
 ParOldGen       total 156672K, used 103484K [0x00000006c7400000, 0x00000006d0d00000, 0x000000076d180000)
  object space 156672K, 66% used [0x00000006c7400000,0x00000006cd90f218,0x00000006d0d00000)
 Metaspace       used 36415K, capacity 36854K, committed 37208K, reserved 1081344K
  class space    used 5292K, capacity 5404K, committed 5464K, reserved 1048576K
GC Heap History (10 events):
Event: 9.388 GC heap after
Heap after GC invocations=16 (full 2):
 PSYoungGen      total 427520K, used 7328K [0x000000076d180000, 0x0000000788200000, 0x00000007c0000000)
  eden space 413184K, 0% used [0x000000076d180000,0x000000076d180000,0x0000000786500000)
  from space 14336K, 51% used [0x0000000787400000,0x0000000787b28010,0x0000000788200000)
  to   space 14848K, 0% used [0x0000000786500000,0x0000000786500000,0x0000000787380000)
 ParOldGen       total 156672K, used 39636K [0x00000006c7400000, 0x00000006d0d00000, 0x000000076d180000)
  object space 156672K, 25% used [0x00000006c7400000,0x00000006c9ab51d8,0x00000006d0d00000)
 Metaspace       used 36336K, capacity 36790K, committed 36952K, reserved 1081344K
  class space    used 5277K, capacity 5404K, committed 5464K, reserved 1048576K
}
Event: 9.633 GC heap before
{Heap before GC invocations=17 (full 2):
 PSYoungGen      total 427520K, used 420512K [0x000000076d180000, 0x0000000788200000, 0x00000007c0000000)
  eden space 413184K, 100% used [0x000000076d180000,0x0000000786500000,0x0000000786500000)
  from space 14336K, 51% used [0x0000000787400000,0x0000000787b28010,0x0000000788200000)
  to   space 14848K, 0% used [0x0000000786500000,0x0000000786500000,0x0000000787380000)
 ParOldGen       total 156672K, used 39636K [0x00000006c7400000, 0x00000006d0d00000, 0x000000076d180000)
  object space 156672K, 25% used [0x00000006c7400000,0x00000006c9ab51d8,0x00000006d0d00000)
 Metaspace       used 36346K, capacity 36790K, committed 36952K, reserved 1081344K
  class space    used 5277K, capacity 5404K, committed 5464K, reserved 1048576K
Event: 9.638 GC heap after
Heap after GC invocations=17 (full 2):
 PSYoungGen      total 428032K, used 10848K [0x000000076d180000, 0x0000000794300000, 0x00000007c0000000)
  eden space 413184K, 0% used [0x000000076d180000,0x000000076d180000,0x0000000786500000)
  from space 14848K, 73% used [0x0000000786500000,0x0000000786f98010,0x0000000787380000)
  to   space 15360K, 0% used [0x0000000793400000,0x0000000793400000,0x0000000794300000)
 ParOldGen       total 156672K, used 47212K [0x00000006c7400000, 0x00000006d0d00000, 0x000000076d180000)
  object space 156672K, 30% used [0x00000006c7400000,0x00000006ca21b1e8,0x00000006d0d00000)
 Metaspace       used 36346K, capacity 36790K, committed 36952K, reserved 1081344K
  class space    used 5277K, capacity 5404K, committed 5464K, reserved 1048576K
}
Event: 9.898 GC heap before
{Heap before GC invocations=18 (full 2):
 PSYoungGen      total 428032K, used 424032K [0x000000076d180000, 0x0000000794300000, 0x00000007c0000000)
  eden space 413184K, 100% used [0x000000076d180000,0x0000000786500000,0x0000000786500000)
  from space 14848K, 73% used [0x0000000786500000,0x0000000786f98010,0x0000000787380000)
  to   space 15360K, 0% used [0x0000000793400000,0x0000000793400000,0x0000000794300000)
 ParOldGen       total 156672K, used 47212K [0x00000006c7400000, 0x00000006d0d00000, 0x000000076d180000)
  object space 156672K, 30% used [0x00000006c7400000,0x00000006ca21b1e8,0x00000006d0d00000)
 Metaspace       used 36346K, capacity 36790K, committed 36952K, reserved 1081344K
  class space    used 5277K, capacity 5404K, committed 5464K, reserved 1048576K
Event: 9.903 GC heap after
Heap after GC invocations=18 (full 2):
 PSYoungGen      total 623104K, used 10784K [0x000000076d180000, 0x0000000794280000, 0x00000007c0000000)
  eden space 608256K, 0% used [0x000000076d180000,0x000000076d180000,0x0000000792380000)
  from space 14848K, 72% used [0x0000000793400000,0x0000000793e88010,0x0000000794280000)
  to   space 15872K, 0% used [0x0000000792380000,0x0000000792380000,0x0000000793300000)
 ParOldGen       total 156672K, used 58452K [0x00000006c7400000, 0x00000006d0d00000, 0x000000076d180000)
  object space 156672K, 37% used [0x00000006c7400000,0x00000006cad151f8,0x00000006d0d00000)
 Metaspace       used 36346K, capacity 36790K, committed 36952K, reserved 1081344K
  class space    used 5277K, capacity 5404K, committed 5464K, reserved 1048576K
}
Event: 10.895 GC heap before
{Heap before GC invocations=19 (full 2):
 PSYoungGen      total 623104K, used 619040K [0x000000076d180000, 0x0000000794280000, 0x00000007c0000000)
  eden space 608256K, 100% used [0x000000076d180000,0x0000000792380000,0x0000000792380000)
  from space 14848K, 72% used [0x0000000793400000,0x0000000793e88010,0x0000000794280000)
  to   space 15872K, 0% used [0x0000000792380000,0x0000000792380000,0x0000000793300000)
 ParOldGen       total 156672K, used 58452K [0x00000006c7400000, 0x00000006d0d00000, 0x000000076d180000)
  object space 156672K, 37% used [0x00000006c7400000,0x00000006cad151f8,0x00000006d0d00000)
 Metaspace       used 36347K, capacity 36790K, committed 36952K, reserved 1081344K
  class space    used 5277K, capacity 5404K, committed 5464K, reserved 1048576K
Event: 10.901 GC heap after
Heap after GC invocations=19 (full 2):
 PSYoungGen      total 624128K, used 15776K [0x000000076d180000, 0x000000079f900000, 0x00000007c0000000)
  eden space 608256K, 0% used [0x000000076d180000,0x000000076d180000,0x0000000792380000)
  from space 15872K, 99% used [0x0000000792380000,0x00000007932e8000,0x0000000793300000)
  to   space 17920K, 0% used [0x000000079e780000,0x000000079e780000,0x000000079f900000)
 ParOldGen       total 156672K, used 69708K [0x00000006c7400000, 0x00000006d0d00000, 0x000000076d180000)
  object space 156672K, 44% used [0x00000006c7400000,0x00000006cb813208,0x00000006d0d00000)
 Metaspace       used 36347K, capacity 36790K, committed 36952K, reserved 1081344K
  class space    used 5277K, capacity 5404K, committed 5464K, reserved 1048576K
}
Event: 11.606 GC heap before
{Heap before GC invocations=20 (full 2):
 PSYoungGen      total 624128K, used 624032K [0x000000076d180000, 0x000000079f900000, 0x00000007c0000000)
  eden space 608256K, 100% used [0x000000076d180000,0x0000000792380000,0x0000000792380000)
  from space 15872K, 99% used [0x0000000792380000,0x00000007932e8000,0x0000000793300000)
  to   space 17920K, 0% used [0x000000079e780000,0x000000079e780000,0x000000079f900000)
 ParOldGen       total 156672K, used 69708K [0x00000006c7400000, 0x00000006d0d00000, 0x000000076d180000)
  object space 156672K, 44% used [0x00000006c7400000,0x00000006cb813208,0x00000006d0d00000)
 Metaspace       used 36348K, capacity 36790K, committed 36952K, reserved 1081344K
  class space    used 5277K, capacity 5404K, committed 5464K, reserved 1048576K
Event: 11.613 GC heap after
Heap after GC invocations=20 (full 2):
 PSYoungGen      total 801280K, used 15808K [0x000000076d180000, 0x000000079f700000, 0x00000007c0000000)
  eden space 785408K, 0% used [0x000000076d180000,0x000000076d180000,0x000000079d080000)
  from space 15872K, 99% used [0x000000079e780000,0x000000079f6f0010,0x000000079f700000)
  to   space 19456K, 0% used [0x000000079d100000,0x000000079d100000,0x000000079e400000)
 ParOldGen       total 156672K, used 86228K [0x00000006c7400000, 0x00000006d0d00000, 0x000000076d180000)
  object space 156672K, 55% used [0x00000006c7400000,0x00000006cc835208,0x00000006d0d00000)
 Metaspace       used 36348K, capacity 36790K, committed 36952K, reserved 1081344K
  class space    used 5277K, capacity 5404K, committed 5464K, reserved 1048576K
}
Event: 39.798 GC heap before
{Heap before GC invocations=21 (full 2):
 PSYoungGen      total 801280K, used 801216K [0x000000076d180000, 0x000000079f700000, 0x00000007c0000000)
  eden space 785408K, 100% used [0x000000076d180000,0x000000079d080000,0x000000079d080000)
  from space 15872K, 99% used [0x000000079e780000,0x000000079f6f0010,0x000000079f700000)
  to   space 19456K, 0% used [0x000000079d100000,0x000000079d100000,0x000000079e400000)
 ParOldGen       total 156672K, used 86228K [0x00000006c7400000, 0x00000006d0d00000, 0x000000076d180000)
  object space 156672K, 55% used [0x00000006c7400000,0x00000006cc835208,0x00000006d0d00000)
 Metaspace       used 36415K, capacity 36854K, committed 37208K, reserved 1081344K
  class space    used 5292K, capacity 5404K, committed 5464K, reserved 1048576K

