# JRE version: Java(TM) SE Runtime Environment (8.0_191-b12) (build 1.8.0_191-b12)
# Java VM: Java HotSpot(TM) 64-Bit Server VM (25.191-b12 mixed mode linux-amd64 compressed oops)
Heap:
 PSYoungGen      total 961536K, used 4001K [0x000000076d180000, 0x00000007af500000, 0x00000007c0000000)
  eden space 941056K, 0% used [0x000000076d180000,0x000000076d180000,0x00000007a6880000)
  from space 20480K, 19% used [0x00000007a9d00000,0x00000007aa0e84c0,0x00000007ab100000)
  to   space 53760K, 0% used [0x00000007a6880000,0x00000007a6880000,0x00000007a9d00000)
 ParOldGen       total 212480K, used 212160K [0x00000006c7400000, 0x00000006d4380000, 0x000000076d180000)
  object space 212480K, 99% used [0x00000006c7400000,0x00000006d4330178,0x00000006d4380000)
 Metaspace       used 48393K, capacity 49014K, committed 49320K, reserved 1091584K
  class space    used 6601K, capacity 6742K, committed 6824K, reserved 1048576K
GC Heap History (10 events):
Event: 9.671 GC heap after
Heap after GC invocations=26 (full 2):
 PSYoungGen      total 683008K, used 11808K [0x000000076d180000, 0x0000000798000000, 0x00000007c0000000)
  eden space 670720K, 0% used [0x000000076d180000,0x000000076d180000,0x0000000796080000)
  from space 12288K, 96% used [0x0000000797400000,0x0000000797f88000,0x0000000798000000)
  to   space 15872K, 0% used [0x0000000796100000,0x0000000796100000,0x0000000797080000)
 ParOldGen       total 157696K, used 86482K [0x00000006c7400000, 0x00000006d0e00000, 0x000000076d180000)
  object space 157696K, 54% used [0x00000006c7400000,0x00000006cc8749d0,0x00000006d0e00000)
 Metaspace       used 36465K, capacity 36864K, committed 37032K, reserved 1081344K
  class space    used 5332K, capacity 5443K, committed 5544K, reserved 1048576K
}
Event: 10.089 GC heap before
{Heap before GC invocations=27 (full 2):
 PSYoungGen      total 683008K, used 682528K [0x000000076d180000, 0x0000000798000000, 0x00000007c0000000)
  eden space 670720K, 100% used [0x000000076d180000,0x0000000796080000,0x0000000796080000)
  from space 12288K, 96% used [0x0000000797400000,0x0000000797f88000,0x0000000798000000)
  to   space 15872K, 0% used [0x0000000796100000,0x0000000796100000,0x0000000797080000)
 ParOldGen       total 157696K, used 86482K [0x00000006c7400000, 0x00000006d0e00000, 0x000000076d180000)
  object space 157696K, 54% used [0x00000006c7400000,0x00000006cc8749d0,0x00000006d0e00000)
 Metaspace       used 36467K, capacity 36864K, committed 37032K, reserved 1081344K
  class space    used 5332K, capacity 5443K, committed 5544K, reserved 1048576K
Event: 10.098 GC heap after
Heap after GC invocations=27 (full 2):
 PSYoungGen      total 687104K, used 15264K [0x000000076d180000, 0x00000007a0f80000, 0x00000007c0000000)
  eden space 671232K, 0% used [0x000000076d180000,0x000000076d180000,0x0000000796100000)
  from space 15872K, 96% used [0x0000000796100000,0x0000000796fe8010,0x0000000797080000)
  to   space 17920K, 0% used [0x000000079fe00000,0x000000079fe00000,0x00000007a0f80000)
 ParOldGen       total 157696K, used 98754K [0x00000006c7400000, 0x00000006d0e00000, 0x000000076d180000)
  object space 157696K, 62% used [0x00000006c7400000,0x00000006cd4709d0,0x00000006d0e00000)
 Metaspace       used 36467K, capacity 36864K, committed 37032K, reserved 1081344K
  class space    used 5332K, capacity 5443K, committed 5544K, reserved 1048576K
}
Event: 10.447 GC heap before
{Heap before GC invocations=28 (full 2):
 PSYoungGen      total 687104K, used 686496K [0x000000076d180000, 0x00000007a0f80000, 0x00000007c0000000)
  eden space 671232K, 100% used [0x000000076d180000,0x0000000796100000,0x0000000796100000)
  from space 15872K, 96% used [0x0000000796100000,0x0000000796fe8010,0x0000000797080000)
  to   space 17920K, 0% used [0x000000079fe00000,0x000000079fe00000,0x00000007a0f80000)
 ParOldGen       total 157696K, used 98754K [0x00000006c7400000, 0x00000006d0e00000, 0x000000076d180000)
  object space 157696K, 62% used [0x00000006c7400000,0x00000006cd4709d0,0x00000006d0e00000)
 Metaspace       used 36486K, capacity 36864K, committed 37032K, reserved 1081344K
  class space    used 5332K, capacity 5443K, committed 5544K, reserved 1048576K
Event: 10.453 GC heap after
Heap after GC invocations=28 (full 2):
 PSYoungGen      total 830464K, used 14953K [0x000000076d180000, 0x00000007a1380000, 0x00000007c0000000)
  eden space 812544K, 0% used [0x000000076d180000,0x000000076d180000,0x000000079eb00000)
  from space 17920K, 83% used [0x000000079fe00000,0x00000007a0c9a538,0x00000007a0f80000)
  to   space 19456K, 0% used [0x000000079eb00000,0x000000079eb00000,0x000000079fe00000)
 ParOldGen       total 157696K, used 114682K [0x00000006c7400000, 0x00000006d0e00000, 0x000000076d180000)
  object space 157696K, 72% used [0x00000006c7400000,0x00000006ce3fe9e0,0x00000006d0e00000)
 Metaspace       used 36486K, capacity 36864K, committed 37032K, reserved 1081344K
  class space    used 5332K, capacity 5443K, committed 5544K, reserved 1048576K
}
Event: 16.199 GC heap before
{Heap before GC invocations=29 (full 2):
 PSYoungGen      total 830464K, used 827497K [0x000000076d180000, 0x00000007a1380000, 0x00000007c0000000)
  eden space 812544K, 100% used [0x000000076d180000,0x000000079eb00000,0x000000079eb00000)
  from space 17920K, 83% used [0x000000079fe00000,0x00000007a0c9a538,0x00000007a0f80000)
  to   space 19456K, 0% used [0x000000079eb00000,0x000000079eb00000,0x000000079fe00000)
 ParOldGen       total 157696K, used 114682K [0x00000006c7400000, 0x00000006d0e00000, 0x000000076d180000)
  object space 157696K, 72% used [0x00000006c7400000,0x00000006ce3fe9e0,0x00000006d0e00000)
 Metaspace       used 41500K, capacity 42038K, committed 42280K, reserved 1085440K
  class space    used 6020K, capacity 6156K, committed 6184K, reserved 1048576K
Event: 16.217 GC heap after
Heap after GC invocations=29 (full 2):
 PSYoungGen      total 832000K, used 14029K [0x000000076d180000, 0x00000007ab100000, 0x00000007c0000000)
  eden space 812544K, 0% used [0x000000076d180000,0x000000076d180000,0x000000079eb00000)
  from space 19456K, 72% used [0x000000079eb00000,0x000000079f8b34b8,0x000000079fe00000)
  to   space 20480K, 0% used [0x00000007a9d00000,0x00000007a9d00000,0x00000007ab100000)
 ParOldGen       total 157696K, used 130211K [0x00000006c7400000, 0x00000006d0e00000, 0x000000076d180000)
  object space 157696K, 82% used [0x00000006c7400000,0x00000006cf328f18,0x00000006d0e00000)
 Metaspace       used 41500K, capacity 42038K, committed 42280K, reserved 1085440K
  class space    used 6020K, capacity 6156K, committed 6184K, reserved 1048576K
}
Event: 18.244 GC heap before
{Heap before GC invocations=30 (full 2):
 PSYoungGen      total 832000K, used 826573K [0x000000076d180000, 0x00000007ab100000, 0x00000007c0000000)
  eden space 812544K, 100% used [0x000000076d180000,0x000000079eb00000,0x000000079eb00000)
  from space 19456K, 72% used [0x000000079eb00000,0x000000079f8b34b8,0x000000079fe00000)
  to   space 20480K, 0% used [0x00000007a9d00000,0x00000007a9d00000,0x00000007ab100000)
 ParOldGen       total 157696K, used 130211K [0x00000006c7400000, 0x00000006d0e00000, 0x000000076d180000)
  object space 157696K, 82% used [0x00000006c7400000,0x00000006cf328f18,0x00000006d0e00000)
 Metaspace       used 48432K, capacity 49080K, committed 49320K, reserved 1091584K
  class space    used 6607K, capacity 6753K, committed 6824K, reserved 1048576K
Event: 18.280 GC heap after
Heap after GC invocations=30 (full 2):
 PSYoungGen      total 961536K, used 20449K [0x000000076d180000, 0x00000007af500000, 0x00000007c0000000)
  eden space 941056K, 0% used [0x000000076d180000,0x000000076d180000,0x00000007a6880000)
  from space 20480K, 99% used [0x00000007a9d00000,0x00000007ab0f8700,0x00000007ab100000)
  to   space 53760K, 0% used [0x00000007a6880000,0x00000007a6880000,0x00000007a9d00000)
 ParOldGen       total 212480K, used 212119K [0x00000006c7400000, 0x00000006d4380000, 0x000000076d180000)
  object space 212480K, 99% used [0x00000006c7400000,0x00000006d4325d08,0x00000006d4380000)
 Metaspace       used 48432K, capacity 49080K, committed 49320K, reserved 1091584K
  class space    used 6607K, capacity 6753K, committed 6824K, reserved 1048576K
}
Event: 18.295 GC heap before
{Heap before GC invocations=31 (full 3):
 PSYoungGen      total 961536K, used 20449K [0x000000076d180000, 0x00000007af500000, 0x00000007c0000000)
  eden space 941056K, 0% used [0x000000076d180000,0x000000076d180000,0x00000007a6880000)
  from space 20480K, 99% used [0x00000007a9d00000,0x00000007ab0f8700,0x00000007ab100000)
  to   space 53760K, 0% used [0x00000007a6880000,0x00000007a6880000,0x00000007a9d00000)
 ParOldGen       total 212480K, used 212119K [0x00000006c7400000, 0x00000006d4380000, 0x000000076d180000)
  object space 212480K, 99% used [0x00000006c7400000,0x00000006d4325d08,0x00000006d4380000)
 Metaspace       used 48432K, capacity 49080K, committed 49320K, reserved 1091584K
  class space    used 6607K, capacity 6753K, committed 6824K, reserved 1048576K

