# JRE version: Java(TM) SE Runtime Environment (8.0_191-b12) (build 1.8.0_191-b12)
# Java VM: Java HotSpot(TM) 64-Bit Server VM (25.191-b12 mixed mode linux-amd64 compressed oops)
Heap:
 PSYoungGen      total 941056K, used 42105K [0x000000076d180000, 0x00000007ae400000, 0x00000007c0000000)
  eden space 862720K, 0% used [0x000000076d180000,0x000000076d180000,0x00000007a1c00000)
  from space 78336K, 53% used [0x00000007a1c00000,0x00000007a451e718,0x00000007a6880000)
  to   space 25088K, 0% used [0x00000007a6880000,0x00000007a6880000,0x00000007a8100000)
 ParOldGen       total 377856K, used 246204K [0x00000006c7400000, 0x00000006de500000, 0x000000076d180000)
  object space 377856K, 65% used [0x00000006c7400000,0x00000006d646f220,0x00000006de500000)
 Metaspace       used 47110K, capacity 47822K, committed 48040K, reserved 1091584K
  class space    used 6309K, capacity 6474K, committed 6576K, reserved 1048576K
GC Heap History (10 events):
Event: 21.215 GC heap after
Heap after GC invocations=26 (full 3):
 PSYoungGen      total 539648K, used 13792K [0x000000076d180000, 0x000000079ad00000, 0x00000007c0000000)
  eden space 525824K, 0% used [0x000000076d180000,0x000000076d180000,0x000000078d300000)
  from space 13824K, 99% used [0x000000078d300000,0x000000078e078020,0x000000078e080000)
  to   space 15360K, 0% used [0x0000000799e00000,0x0000000799e00000,0x000000079ad00000)
 ParOldGen       total 156160K, used 69965K [0x00000006c7400000, 0x00000006d0c80000, 0x000000076d180000)
  object space 156160K, 44% used [0x00000006c7400000,0x00000006cb853688,0x00000006d0c80000)
 Metaspace       used 35996K, capacity 36368K, committed 36648K, reserved 1081344K
  class space    used 5256K, capacity 5371K, committed 5424K, reserved 1048576K
}
Event: 22.026 GC heap before
{Heap before GC invocations=27 (full 3):
 PSYoungGen      total 539648K, used 539616K [0x000000076d180000, 0x000000079ad00000, 0x00000007c0000000)
  eden space 525824K, 100% used [0x000000076d180000,0x000000078d300000,0x000000078d300000)
  from space 13824K, 99% used [0x000000078d300000,0x000000078e078020,0x000000078e080000)
  to   space 15360K, 0% used [0x0000000799e00000,0x0000000799e00000,0x000000079ad00000)
 ParOldGen       total 156160K, used 69965K [0x00000006c7400000, 0x00000006d0c80000, 0x000000076d180000)
  object space 156160K, 44% used [0x00000006c7400000,0x00000006cb853688,0x00000006d0c80000)
 Metaspace       used 35997K, capacity 36368K, committed 36648K, reserved 1081344K
  class space    used 5256K, capacity 5371K, committed 5424K, reserved 1048576K
Event: 23.515 GC heap after
Heap after GC invocations=27 (full 3):
 PSYoungGen      total 732160K, used 13504K [0x000000076d180000, 0x000000079b480000, 0x00000007c0000000)
  eden space 716800K, 0% used [0x000000076d180000,0x000000076d180000,0x0000000798d80000)
  from space 15360K, 87% used [0x0000000799e00000,0x000000079ab30000,0x000000079ad00000)
  to   space 16896K, 0% used [0x0000000798d80000,0x0000000798d80000,0x0000000799e00000)
 ParOldGen       total 156160K, used 84181K [0x00000006c7400000, 0x00000006d0c80000, 0x000000076d180000)
  object space 156160K, 53% used [0x00000006c7400000,0x00000006cc6356a8,0x00000006d0c80000)
 Metaspace       used 35997K, capacity 36368K, committed 36648K, reserved 1081344K
  class space    used 5256K, capacity 5371K, committed 5424K, reserved 1048576K
}
Event: 30.350 GC heap before
{Heap before GC invocations=28 (full 3):
 PSYoungGen      total 732160K, used 730304K [0x000000076d180000, 0x000000079b480000, 0x00000007c0000000)
  eden space 716800K, 100% used [0x000000076d180000,0x0000000798d80000,0x0000000798d80000)
  from space 15360K, 87% used [0x0000000799e00000,0x000000079ab30000,0x000000079ad00000)
  to   space 16896K, 0% used [0x0000000798d80000,0x0000000798d80000,0x0000000799e00000)
 ParOldGen       total 156160K, used 84181K [0x00000006c7400000, 0x00000006d0c80000, 0x000000076d180000)
  object space 156160K, 53% used [0x00000006c7400000,0x00000006cc6356a8,0x00000006d0c80000)
 Metaspace       used 36040K, capacity 36464K, committed 36648K, reserved 1081344K
  class space    used 5265K, capacity 5403K, committed 5424K, reserved 1048576K
Event: 32.058 GC heap after
Heap after GC invocations=28 (full 3):
 PSYoungGen      total 733696K, used 16896K [0x000000076d180000, 0x00000007a8100000, 0x00000007c0000000)
  eden space 716800K, 0% used [0x000000076d180000,0x000000076d180000,0x0000000798d80000)
  from space 16896K, 100% used [0x0000000798d80000,0x0000000799e00000,0x0000000799e00000)
  to   space 25088K, 0% used [0x00000007a6880000,0x00000007a6880000,0x00000007a8100000)
 ParOldGen       total 156160K, used 99956K [0x00000006c7400000, 0x00000006d0c80000, 0x000000076d180000)
  object space 156160K, 64% used [0x00000006c7400000,0x00000006cd59d2e8,0x00000006d0c80000)
 Metaspace       used 36040K, capacity 36464K, committed 36648K, reserved 1081344K
  class space    used 5265K, capacity 5403K, committed 5424K, reserved 1048576K
}
Event: 55.544 GC heap before
{Heap before GC invocations=29 (full 3):
 PSYoungGen      total 733696K, used 733696K [0x000000076d180000, 0x00000007a8100000, 0x00000007c0000000)
  eden space 716800K, 100% used [0x000000076d180000,0x0000000798d80000,0x0000000798d80000)
  from space 16896K, 100% used [0x0000000798d80000,0x0000000799e00000,0x0000000799e00000)
  to   space 25088K, 0% used [0x00000007a6880000,0x00000007a6880000,0x00000007a8100000)
 ParOldGen       total 156160K, used 99957K [0x00000006c7400000, 0x00000006d0c80000, 0x000000076d180000)
  object space 156160K, 64% used [0x00000006c7400000,0x00000006cd59d7b8,0x00000006d0c80000)
 Metaspace       used 38461K, capacity 38928K, committed 39080K, reserved 1083392K
  class space    used 5643K, capacity 5771K, committed 5808K, reserved 1048576K
Event: 55.673 GC heap after
Heap after GC invocations=29 (full 3):
 PSYoungGen      total 887808K, used 25064K [0x000000076d180000, 0x00000007ae400000, 0x00000007c0000000)
  eden space 862720K, 0% used [0x000000076d180000,0x000000076d180000,0x00000007a1c00000)
  from space 25088K, 99% used [0x00000007a6880000,0x00000007a80fa020,0x00000007a8100000)
  to   space 78336K, 0% used [0x00000007a1c00000,0x00000007a1c00000,0x00000007a6880000)
 ParOldGen       total 235520K, used 233587K [0x00000006c7400000, 0x00000006d5a00000, 0x000000076d180000)
  object space 235520K, 99% used [0x00000006c7400000,0x00000006d581cfa0,0x00000006d5a00000)
 Metaspace       used 38461K, capacity 38928K, committed 39080K, reserved 1083392K
  class space    used 5643K, capacity 5771K, committed 5808K, reserved 1048576K
}
Event: 55.675 GC heap before
{Heap before GC invocations=30 (full 4):
 PSYoungGen      total 887808K, used 25064K [0x000000076d180000, 0x00000007ae400000, 0x00000007c0000000)
  eden space 862720K, 0% used [0x000000076d180000,0x000000076d180000,0x00000007a1c00000)
  from space 25088K, 99% used [0x00000007a6880000,0x00000007a80fa020,0x00000007a8100000)
  to   space 78336K, 0% used [0x00000007a1c00000,0x00000007a1c00000,0x00000007a6880000)
 ParOldGen       total 235520K, used 233587K [0x00000006c7400000, 0x00000006d5a00000, 0x000000076d180000)
  object space 235520K, 99% used [0x00000006c7400000,0x00000006d581cfa0,0x00000006d5a00000)
 Metaspace       used 38461K, capacity 38928K, committed 39080K, reserved 1083392K
  class space    used 5643K, capacity 5771K, committed 5808K, reserved 1048576K
Event: 56.054 GC heap after
Heap after GC invocations=30 (full 4):
 PSYoungGen      total 887808K, used 10063K [0x000000076d180000, 0x00000007ae400000, 0x00000007c0000000)
  eden space 862720K, 0% used [0x000000076d180000,0x000000076d180000,0x00000007a1c00000)
  from space 25088K, 40% used [0x00000007a6880000,0x00000007a7253c78,0x00000007a8100000)
  to   space 78336K, 0% used [0x00000007a1c00000,0x00000007a1c00000,0x00000007a6880000)
 ParOldGen       total 377856K, used 235498K [0x00000006c7400000, 0x00000006de500000, 0x000000076d180000)
  object space 377856K, 62% used [0x00000006c7400000,0x00000006d59faa98,0x00000006de500000)
 Metaspace       used 38440K, capacity 38886K, committed 39080K, reserved 1083392K
  class space    used 5639K, capacity 5764K, committed 5808K, reserved 1048576K
}
Event: 62.598 GC heap before
{Heap before GC invocations=31 (full 4):
 PSYoungGen      total 887808K, used 872783K [0x000000076d180000, 0x00000007ae400000, 0x00000007c0000000)
  eden space 862720K, 100% used [0x000000076d180000,0x00000007a1c00000,0x00000007a1c00000)
  from space 25088K, 40% used [0x00000007a6880000,0x00000007a7253c78,0x00000007a8100000)
  to   space 78336K, 0% used [0x00000007a1c00000,0x00000007a1c00000,0x00000007a6880000)
 ParOldGen       total 377856K, used 235500K [0x00000006c7400000, 0x00000006de500000, 0x000000076d180000)
  object space 377856K, 62% used [0x00000006c7400000,0x00000006d59fb040,0x00000006de500000)
 Metaspace       used 47110K, capacity 47822K, committed 48040K, reserved 1091584K
  class space    used 6309K, capacity 6474K, committed 6576K, reserved 1048576K

