# JRE version: Java(TM) SE Runtime Environment (8.0_191-b12) (build 1.8.0_191-b12)
# Java VM: Java HotSpot(TM) 64-Bit Server VM (25.191-b12 mixed mode linux-amd64 compressed oops)
Heap:
 PSYoungGen      total 731136K, used 0K [0x000000076d180000, 0x00000007a4080000, 0x00000007c0000000)
  eden space 699392K, 0% used [0x000000076d180000,0x000000076d180000,0x0000000797c80000)
  from space 31744K, 0% used [0x0000000797c80000,0x0000000797c80000,0x0000000799b80000)
  to   space 30208K, 0% used [0x00000007a2300000,0x00000007a2300000,0x00000007a4080000)
 ParOldGen       total 525824K, used 495703K [0x00000006c7400000, 0x00000006e7580000, 0x000000076d180000)
  object space 525824K, 94% used [0x00000006c7400000,0x00000006e5815d40,0x00000006e7580000)
 Metaspace       used 51642K, capacity 52150K, committed 52312K, reserved 1095680K
  class space    used 6812K, capacity 6940K, committed 7000K, reserved 1048576K
GC Heap History (10 events):
Event: 18.651 GC heap after
Heap after GC invocations=26 (full 3):
 PSYoungGen      total 524288K, used 13184K [0x000000076d180000, 0x0000000794b80000, 0x00000007c0000000)
  eden space 509952K, 0% used [0x000000076d180000,0x000000076d180000,0x000000078c380000)
  from space 14336K, 91% used [0x000000078c380000,0x000000078d060000,0x000000078d180000)
  to   space 16384K, 0% used [0x0000000793b80000,0x0000000793b80000,0x0000000794b80000)
 ParOldGen       total 159744K, used 68845K [0x00000006c7400000, 0x00000006d1000000, 0x000000076d180000)
  object space 159744K, 43% used [0x00000006c7400000,0x00000006cb73b7e8,0x00000006d1000000)
 Metaspace       used 36312K, capacity 36720K, committed 36952K, reserved 1081344K
  class space    used 5273K, capacity 5403K, committed 5464K, reserved 1048576K
}
Event: 18.890 GC heap before
{Heap before GC invocations=27 (full 3):
 PSYoungGen      total 524288K, used 523136K [0x000000076d180000, 0x0000000794b80000, 0x00000007c0000000)
  eden space 509952K, 100% used [0x000000076d180000,0x000000078c380000,0x000000078c380000)
  from space 14336K, 91% used [0x000000078c380000,0x000000078d060000,0x000000078d180000)
  to   space 16384K, 0% used [0x0000000793b80000,0x0000000793b80000,0x0000000794b80000)
 ParOldGen       total 159744K, used 68845K [0x00000006c7400000, 0x00000006d1000000, 0x000000076d180000)
  object space 159744K, 43% used [0x00000006c7400000,0x00000006cb73b7e8,0x00000006d1000000)
 Metaspace       used 36312K, capacity 36720K, committed 36952K, reserved 1081344K
  class space    used 5273K, capacity 5403K, committed 5464K, reserved 1048576K
Event: 18.896 GC heap after
Heap after GC invocations=27 (full 3):
 PSYoungGen      total 631808K, used 13312K [0x000000076d180000, 0x0000000795080000, 0x00000007c0000000)
  eden space 615424K, 0% used [0x000000076d180000,0x000000076d180000,0x0000000792a80000)
  from space 16384K, 81% used [0x0000000793b80000,0x0000000794880010,0x0000000794b80000)
  to   space 17408K, 0% used [0x0000000792a80000,0x0000000792a80000,0x0000000793b80000)
 ParOldGen       total 159744K, used 82637K [0x00000006c7400000, 0x00000006d1000000, 0x000000076d180000)
  object space 159744K, 51% used [0x00000006c7400000,0x00000006cc4b37e8,0x00000006d1000000)
 Metaspace       used 36312K, capacity 36720K, committed 36952K, reserved 1081344K
  class space    used 5273K, capacity 5403K, committed 5464K, reserved 1048576K
}
Event: 19.263 GC heap before
{Heap before GC invocations=28 (full 3):
 PSYoungGen      total 631808K, used 628736K [0x000000076d180000, 0x0000000795080000, 0x00000007c0000000)
  eden space 615424K, 100% used [0x000000076d180000,0x0000000792a80000,0x0000000792a80000)
  from space 16384K, 81% used [0x0000000793b80000,0x0000000794880010,0x0000000794b80000)
  to   space 17408K, 0% used [0x0000000792a80000,0x0000000792a80000,0x0000000793b80000)
 ParOldGen       total 159744K, used 82637K [0x00000006c7400000, 0x00000006d1000000, 0x000000076d180000)
  object space 159744K, 51% used [0x00000006c7400000,0x00000006cc4b37e8,0x00000006d1000000)
 Metaspace       used 36366K, capacity 36720K, committed 36952K, reserved 1081344K
  class space    used 5284K, capacity 5403K, committed 5464K, reserved 1048576K
Event: 19.269 GC heap after
Heap after GC invocations=28 (full 3):
 PSYoungGen      total 632832K, used 16089K [0x000000076d180000, 0x000000079af00000, 0x00000007c0000000)
  eden space 615424K, 0% used [0x000000076d180000,0x000000076d180000,0x0000000792a80000)
  from space 17408K, 92% used [0x0000000792a80000,0x0000000793a36690,0x0000000793b80000)
  to   space 19968K, 0% used [0x0000000799b80000,0x0000000799b80000,0x000000079af00000)
 ParOldGen       total 159744K, used 96533K [0x00000006c7400000, 0x00000006d1000000, 0x000000076d180000)
  object space 159744K, 60% used [0x00000006c7400000,0x00000006cd2457f8,0x00000006d1000000)
 Metaspace       used 36366K, capacity 36720K, committed 36952K, reserved 1081344K
  class space    used 5284K, capacity 5403K, committed 5464K, reserved 1048576K
}
Event: 21.110 GC heap before
{Heap before GC invocations=29 (full 3):
 PSYoungGen      total 632832K, used 631513K [0x000000076d180000, 0x000000079af00000, 0x00000007c0000000)
  eden space 615424K, 100% used [0x000000076d180000,0x0000000792a80000,0x0000000792a80000)
  from space 17408K, 92% used [0x0000000792a80000,0x0000000793a36690,0x0000000793b80000)
  to   space 19968K, 0% used [0x0000000799b80000,0x0000000799b80000,0x000000079af00000)
 ParOldGen       total 159744K, used 96533K [0x00000006c7400000, 0x00000006d1000000, 0x000000076d180000)
  object space 159744K, 60% used [0x00000006c7400000,0x00000006cd2457f8,0x00000006d1000000)
 Metaspace       used 40819K, capacity 41284K, committed 41432K, reserved 1085440K
  class space    used 5971K, capacity 6089K, committed 6104K, reserved 1048576K
Event: 21.118 GC heap after
Heap after GC invocations=29 (full 3):
 PSYoungGen      total 719360K, used 19963K [0x000000076d180000, 0x000000079bc00000, 0x00000007c0000000)
  eden space 699392K, 0% used [0x000000076d180000,0x000000076d180000,0x0000000797c80000)
  from space 19968K, 99% used [0x0000000799b80000,0x000000079aefefb0,0x000000079af00000)
  to   space 31744K, 0% used [0x0000000797c80000,0x0000000797c80000,0x0000000799b80000)
 ParOldGen       total 159744K, used 120403K [0x00000006c7400000, 0x00000006d1000000, 0x000000076d180000)
  object space 159744K, 75% used [0x00000006c7400000,0x00000006ce994dc8,0x00000006d1000000)
 Metaspace       used 40819K, capacity 41284K, committed 41432K, reserved 1085440K
  class space    used 5971K, capacity 6089K, committed 6104K, reserved 1048576K
}
Event: 23.123 GC heap before
{Heap before GC invocations=30 (full 3):
 PSYoungGen      total 719360K, used 719355K [0x000000076d180000, 0x000000079bc00000, 0x00000007c0000000)
  eden space 699392K, 100% used [0x000000076d180000,0x0000000797c80000,0x0000000797c80000)
  from space 19968K, 99% used [0x0000000799b80000,0x000000079aefefb0,0x000000079af00000)
  to   space 31744K, 0% used [0x0000000797c80000,0x0000000797c80000,0x0000000799b80000)
 ParOldGen       total 159744K, used 120403K [0x00000006c7400000, 0x00000006d1000000, 0x000000076d180000)
  object space 159744K, 75% used [0x00000006c7400000,0x00000006ce994dc8,0x00000006d1000000)
 Metaspace       used 51668K, capacity 52192K, committed 52312K, reserved 1095680K
  class space    used 6816K, capacity 6947K, committed 7000K, reserved 1048576K
Event: 23.339 GC heap after
Heap after GC invocations=30 (full 3):
 PSYoungGen      total 731136K, used 10836K [0x000000076d180000, 0x00000007a4080000, 0x00000007c0000000)
  eden space 699392K, 0% used [0x000000076d180000,0x000000076d180000,0x0000000797c80000)
  from space 31744K, 34% used [0x0000000797c80000,0x0000000798715088,0x0000000799b80000)
  to   space 30208K, 0% used [0x00000007a2300000,0x00000007a2300000,0x00000007a4080000)
 ParOldGen       total 525824K, used 493348K [0x00000006c7400000, 0x00000006e7580000, 0x000000076d180000)
  object space 525824K, 93% used [0x00000006c7400000,0x00000006e55c9258,0x00000006e7580000)
 Metaspace       used 51668K, capacity 52192K, committed 52312K, reserved 1095680K
  class space    used 6816K, capacity 6947K, committed 7000K, reserved 1048576K
}
Event: 23.339 GC heap before
{Heap before GC invocations=31 (full 4):
 PSYoungGen      total 731136K, used 10836K [0x000000076d180000, 0x00000007a4080000, 0x00000007c0000000)
  eden space 699392K, 0% used [0x000000076d180000,0x000000076d180000,0x0000000797c80000)
  from space 31744K, 34% used [0x0000000797c80000,0x0000000798715088,0x0000000799b80000)
  to   space 30208K, 0% used [0x00000007a2300000,0x00000007a2300000,0x00000007a4080000)
 ParOldGen       total 525824K, used 493348K [0x00000006c7400000, 0x00000006e7580000, 0x000000076d180000)
  object space 525824K, 93% used [0x00000006c7400000,0x00000006e55c9258,0x00000006e7580000)
 Metaspace       used 51668K, capacity 52192K, committed 52312K, reserved 1095680K
  class space    used 6816K, capacity 6947K, committed 7000K, reserved 1048576K

