# JRE version: Java(TM) SE Runtime Environment (8.0_191-b12) (build 1.8.0_191-b12)
# Java VM: Java HotSpot(TM) 64-Bit Server VM (25.191-b12 mixed mode linux-amd64 compressed oops)
Heap:
 PSYoungGen      total 715776K, used 16552K [0x000000076d180000, 0x000000079a380000, 0x00000007c0000000)
  eden space 695296K, 0% used [0x000000076d180000,0x000000076d180000,0x0000000797880000)
  from space 20480K, 80% used [0x0000000797b80000,0x0000000798baa238,0x0000000798f80000)
  to   space 13312K, 0% used [0x0000000799680000,0x0000000799680000,0x000000079a380000)
 ParOldGen       total 528384K, used 490971K [0x00000006c7400000, 0x00000006e7800000, 0x000000076d180000)
  object space 528384K, 92% used [0x00000006c7400000,0x00000006e5376e20,0x00000006e7800000)
 Metaspace       used 51864K, capacity 52428K, committed 52568K, reserved 1095680K
  class space    used 6835K, capacity 6981K, committed 7040K, reserved 1048576K
GC Heap History (10 events):
Event: 16.731 GC heap after
Heap after GC invocations=25 (full 3):
 PSYoungGen      total 512000K, used 0K [0x000000076d180000, 0x000000078d480000, 0x00000007c0000000)
  eden space 497664K, 0% used [0x000000076d180000,0x000000076d180000,0x000000078b780000)
  from space 14336K, 0% used [0x000000078c680000,0x000000078c680000,0x000000078d480000)
  to   space 14848K, 0% used [0x000000078b780000,0x000000078b780000,0x000000078c600000)
 ParOldGen       total 162304K, used 71948K [0x00000006c7400000, 0x00000006d1280000, 0x000000076d180000)
  object space 162304K, 44% used [0x00000006c7400000,0x00000006cba43060,0x00000006d1280000)
 Metaspace       used 36349K, capacity 36784K, committed 37208K, reserved 1081344K
  class space    used 5274K, capacity 5403K, committed 5504K, reserved 1048576K
}
Event: 17.025 GC heap before
{Heap before GC invocations=26 (full 3):
 PSYoungGen      total 512000K, used 497664K [0x000000076d180000, 0x000000078d480000, 0x00000007c0000000)
  eden space 497664K, 100% used [0x000000076d180000,0x000000078b780000,0x000000078b780000)
  from space 14336K, 0% used [0x000000078c680000,0x000000078c680000,0x000000078d480000)
  to   space 14848K, 0% used [0x000000078b780000,0x000000078b780000,0x000000078c600000)
 ParOldGen       total 162304K, used 71948K [0x00000006c7400000, 0x00000006d1280000, 0x000000076d180000)
  object space 162304K, 44% used [0x00000006c7400000,0x00000006cba43060,0x00000006d1280000)
 Metaspace       used 36350K, capacity 36784K, committed 37208K, reserved 1081344K
  class space    used 5274K, capacity 5403K, committed 5504K, reserved 1048576K
Event: 17.029 GC heap after
Heap after GC invocations=26 (full 3):
 PSYoungGen      total 512512K, used 13888K [0x000000076d180000, 0x0000000794480000, 0x00000007c0000000)
  eden space 497664K, 0% used [0x000000076d180000,0x000000076d180000,0x000000078b780000)
  from space 14848K, 93% used [0x000000078b780000,0x000000078c510000,0x000000078c600000)
  to   space 16896K, 0% used [0x0000000793400000,0x0000000793400000,0x0000000794480000)
 ParOldGen       total 162304K, used 71948K [0x00000006c7400000, 0x00000006d1280000, 0x000000076d180000)
  object space 162304K, 44% used [0x00000006c7400000,0x00000006cba43060,0x00000006d1280000)
 Metaspace       used 36350K, capacity 36784K, committed 37208K, reserved 1081344K
  class space    used 5274K, capacity 5403K, committed 5504K, reserved 1048576K
}
Event: 17.266 GC heap before
{Heap before GC invocations=27 (full 3):
 PSYoungGen      total 512512K, used 511552K [0x000000076d180000, 0x0000000794480000, 0x00000007c0000000)
  eden space 497664K, 100% used [0x000000076d180000,0x000000078b780000,0x000000078b780000)
  from space 14848K, 93% used [0x000000078b780000,0x000000078c510000,0x000000078c600000)
  to   space 16896K, 0% used [0x0000000793400000,0x0000000793400000,0x0000000794480000)
 ParOldGen       total 162304K, used 71948K [0x00000006c7400000, 0x00000006d1280000, 0x000000076d180000)
  object space 162304K, 44% used [0x00000006c7400000,0x00000006cba43060,0x00000006d1280000)
 Metaspace       used 36350K, capacity 36784K, committed 37208K, reserved 1081344K
  class space    used 5274K, capacity 5403K, committed 5504K, reserved 1048576K
Event: 17.272 GC heap after
Heap after GC invocations=27 (full 3):
 PSYoungGen      total 624128K, used 13856K [0x000000076d180000, 0x0000000794900000, 0x00000007c0000000)
  eden space 607232K, 0% used [0x000000076d180000,0x000000076d180000,0x0000000792280000)
  from space 16896K, 82% used [0x0000000793400000,0x0000000794188010,0x0000000794480000)
  to   space 17920K, 0% used [0x0000000792280000,0x0000000792280000,0x0000000793400000)
 ParOldGen       total 162304K, used 86428K [0x00000006c7400000, 0x00000006d1280000, 0x000000076d180000)
  object space 162304K, 53% used [0x00000006c7400000,0x00000006cc867060,0x00000006d1280000)
 Metaspace       used 36350K, capacity 36784K, committed 37208K, reserved 1081344K
  class space    used 5274K, capacity 5403K, committed 5504K, reserved 1048576K
}
Event: 17.726 GC heap before
{Heap before GC invocations=28 (full 3):
 PSYoungGen      total 624128K, used 621088K [0x000000076d180000, 0x0000000794900000, 0x00000007c0000000)
  eden space 607232K, 100% used [0x000000076d180000,0x0000000792280000,0x0000000792280000)
  from space 16896K, 82% used [0x0000000793400000,0x0000000794188010,0x0000000794480000)
  to   space 17920K, 0% used [0x0000000792280000,0x0000000792280000,0x0000000793400000)
 ParOldGen       total 162304K, used 86428K [0x00000006c7400000, 0x00000006d1280000, 0x000000076d180000)
  object space 162304K, 53% used [0x00000006c7400000,0x00000006cc867060,0x00000006d1280000)
 Metaspace       used 36576K, capacity 36944K, committed 37208K, reserved 1081344K
  class space    used 5321K, capacity 5435K, committed 5504K, reserved 1048576K
Event: 17.732 GC heap after
Heap after GC invocations=28 (full 3):
 PSYoungGen      total 625152K, used 16720K [0x000000076d180000, 0x000000079aa80000, 0x00000007c0000000)
  eden space 607232K, 0% used [0x000000076d180000,0x000000076d180000,0x0000000792280000)
  from space 17920K, 93% used [0x0000000792280000,0x00000007932d4310,0x0000000793400000)
  to   space 20480K, 0% used [0x0000000799680000,0x0000000799680000,0x000000079aa80000)
 ParOldGen       total 162304K, used 100852K [0x00000006c7400000, 0x00000006d1280000, 0x000000076d180000)
  object space 162304K, 62% used [0x00000006c7400000,0x00000006cd67d070,0x00000006d1280000)
 Metaspace       used 36576K, capacity 36944K, committed 37208K, reserved 1081344K
  class space    used 5321K, capacity 5435K, committed 5504K, reserved 1048576K
}
Event: 20.223 GC heap before
{Heap before GC invocations=29 (full 3):
 PSYoungGen      total 625152K, used 623952K [0x000000076d180000, 0x000000079aa80000, 0x00000007c0000000)
  eden space 607232K, 100% used [0x000000076d180000,0x0000000792280000,0x0000000792280000)
  from space 17920K, 93% used [0x0000000792280000,0x00000007932d4310,0x0000000793400000)
  to   space 20480K, 0% used [0x0000000799680000,0x0000000799680000,0x000000079aa80000)
 ParOldGen       total 162304K, used 100852K [0x00000006c7400000, 0x00000006d1280000, 0x000000076d180000)
  object space 162304K, 62% used [0x00000006c7400000,0x00000006cd67d070,0x00000006d1280000)
 Metaspace       used 45049K, capacity 45658K, committed 45912K, reserved 1089536K
  class space    used 6285K, capacity 6434K, committed 6528K, reserved 1048576K
Event: 20.233 GC heap after
Heap after GC invocations=29 (full 3):
 PSYoungGen      total 708608K, used 13018K [0x000000076d180000, 0x000000079a380000, 0x00000007c0000000)
  eden space 695296K, 0% used [0x000000076d180000,0x000000076d180000,0x0000000797880000)
  from space 13312K, 97% used [0x0000000799680000,0x000000079a3369d8,0x000000079a380000)
  to   space 20480K, 0% used [0x0000000797b80000,0x0000000797b80000,0x0000000798f80000)
 ParOldGen       total 162304K, used 118212K [0x00000006c7400000, 0x00000006d1280000, 0x000000076d180000)
  object space 162304K, 72% used [0x00000006c7400000,0x00000006ce771380,0x00000006d1280000)
 Metaspace       used 45049K, capacity 45658K, committed 45912K, reserved 1089536K
  class space    used 6285K, capacity 6434K, committed 6528K, reserved 1048576K
}
Event: 20.903 GC heap before
{Heap before GC invocations=30 (full 3):
 PSYoungGen      total 708608K, used 708314K [0x000000076d180000, 0x000000079a380000, 0x00000007c0000000)
  eden space 695296K, 100% used [0x000000076d180000,0x0000000797880000,0x0000000797880000)
  from space 13312K, 97% used [0x0000000799680000,0x000000079a3369d8,0x000000079a380000)
  to   space 20480K, 0% used [0x0000000797b80000,0x0000000797b80000,0x0000000798f80000)
 ParOldGen       total 162304K, used 118212K [0x00000006c7400000, 0x00000006d1280000, 0x000000076d180000)
  object space 162304K, 72% used [0x00000006c7400000,0x00000006ce771380,0x00000006d1280000)
 Metaspace       used 51864K, capacity 52428K, committed 52568K, reserved 1095680K
  class space    used 6835K, capacity 6981K, committed 7040K, reserved 1048576K

