# JRE version: Java(TM) SE Runtime Environment (8.0_191-b12) (build 1.8.0_191-b12)
# Java VM: Java HotSpot(TM) 64-Bit Server VM (25.191-b12 mixed mode linux-amd64 compressed oops)
Heap:
 PSYoungGen      total 199680K, used 96876K [0x000000076d180000, 0x000000077a480000, 0x00000007c0000000)
  eden space 192512K, 50% used [0x000000076d180000,0x000000077301b020,0x0000000778d80000)
  from space 7168K, 0% used [0x0000000779d80000,0x0000000779d80000,0x000000077a480000)
  to   space 9728K, 0% used [0x0000000779180000,0x0000000779180000,0x0000000779b00000)
 ParOldGen       total 149504K, used 11872K [0x00000006c7400000, 0x00000006d0600000, 0x000000076d180000)
  object space 149504K, 7% used [0x00000006c7400000,0x00000006c7f98218,0x00000006d0600000)
 Metaspace       used 38316K, capacity 38720K, committed 38912K, reserved 1083392K
  class space    used 5480K, capacity 5597K, committed 5632K, reserved 1048576K
GC Heap History (10 events):
Event: 1.362 GC heap before
{Heap before GC invocations=4 (full 0):
 PSYoungGen      total 74752K, used 33708K [0x000000076d180000, 0x0000000776380000, 0x00000007c0000000)
  eden space 64512K, 42% used [0x000000076d180000,0x000000076ec4df40,0x0000000771080000)
  from space 10240K, 61% used [0x0000000771080000,0x000000077169d238,0x0000000771a80000)
  to   space 10240K, 0% used [0x0000000775980000,0x0000000775980000,0x0000000776380000)
 ParOldGen       total 171008K, used 96K [0x00000006c7400000, 0x00000006d1b00000, 0x000000076d180000)
  object space 171008K, 0% used [0x00000006c7400000,0x00000006c7418028,0x00000006d1b00000)
 Metaspace       used 20920K, capacity 21082K, committed 21248K, reserved 1067008K
  class space    used 2950K, capacity 3013K, committed 3072K, reserved 1048576K
Event: 1.367 GC heap after
Heap after GC invocations=4 (full 0):
 PSYoungGen      total 139264K, used 6523K [0x000000076d180000, 0x0000000776380000, 0x00000007c0000000)
  eden space 129024K, 0% used [0x000000076d180000,0x000000076d180000,0x0000000774f80000)
  from space 10240K, 63% used [0x0000000775980000,0x0000000775fdec60,0x0000000776380000)
  to   space 10240K, 0% used [0x0000000774f80000,0x0000000774f80000,0x0000000775980000)
 ParOldGen       total 171008K, used 104K [0x00000006c7400000, 0x00000006d1b00000, 0x000000076d180000)
  object space 171008K, 0% used [0x00000006c7400000,0x00000006c741a028,0x00000006d1b00000)
 Metaspace       used 20920K, capacity 21082K, committed 21248K, reserved 1067008K
  class space    used 2950K, capacity 3013K, committed 3072K, reserved 1048576K
}
Event: 1.368 GC heap before
{Heap before GC invocations=5 (full 1):
 PSYoungGen      total 139264K, used 6523K [0x000000076d180000, 0x0000000776380000, 0x00000007c0000000)
  eden space 129024K, 0% used [0x000000076d180000,0x000000076d180000,0x0000000774f80000)
  from space 10240K, 63% used [0x0000000775980000,0x0000000775fdec60,0x0000000776380000)
  to   space 10240K, 0% used [0x0000000774f80000,0x0000000774f80000,0x0000000775980000)
 ParOldGen       total 171008K, used 104K [0x00000006c7400000, 0x00000006d1b00000, 0x000000076d180000)
  object space 171008K, 0% used [0x00000006c7400000,0x00000006c741a028,0x00000006d1b00000)
 Metaspace       used 20920K, capacity 21082K, committed 21248K, reserved 1067008K
  class space    used 2950K, capacity 3013K, committed 3072K, reserved 1048576K
Event: 1.387 GC heap after
Heap after GC invocations=5 (full 1):
 PSYoungGen      total 139264K, used 0K [0x000000076d180000, 0x0000000776380000, 0x00000007c0000000)
  eden space 129024K, 0% used [0x000000076d180000,0x000000076d180000,0x0000000774f80000)
  from space 10240K, 0% used [0x0000000775980000,0x0000000775980000,0x0000000776380000)
  to   space 10240K, 0% used [0x0000000774f80000,0x0000000774f80000,0x0000000775980000)
 ParOldGen       total 98816K, used 6294K [0x00000006c7400000, 0x00000006cd480000, 0x000000076d180000)
  object space 98816K, 6% used [0x00000006c7400000,0x00000006c7a25830,0x00000006cd480000)
 Metaspace       used 20920K, capacity 21082K, committed 21248K, reserved 1067008K
  class space    used 2950K, capacity 3013K, committed 3072K, reserved 1048576K
}
Event: 1.930 GC heap before
{Heap before GC invocations=6 (full 1):
 PSYoungGen      total 139264K, used 129024K [0x000000076d180000, 0x0000000776380000, 0x00000007c0000000)
  eden space 129024K, 100% used [0x000000076d180000,0x0000000774f80000,0x0000000774f80000)
  from space 10240K, 0% used [0x0000000775980000,0x0000000775980000,0x0000000776380000)
  to   space 10240K, 0% used [0x0000000774f80000,0x0000000774f80000,0x0000000775980000)
 ParOldGen       total 98816K, used 6294K [0x00000006c7400000, 0x00000006cd480000, 0x000000076d180000)
  object space 98816K, 6% used [0x00000006c7400000,0x00000006c7a25830,0x00000006cd480000)
 Metaspace       used 28788K, capacity 29014K, committed 29312K, reserved 1075200K
  class space    used 4096K, capacity 4179K, committed 4224K, reserved 1048576K
Event: 1.937 GC heap after
Heap after GC invocations=6 (full 1):
 PSYoungGen      total 139264K, used 8269K [0x000000076d180000, 0x000000077a680000, 0x00000007c0000000)
  eden space 129024K, 0% used [0x000000076d180000,0x000000076d180000,0x0000000774f80000)
  from space 10240K, 80% used [0x0000000774f80000,0x0000000775793730,0x0000000775980000)
  to   space 9216K, 0% used [0x0000000779d80000,0x0000000779d80000,0x000000077a680000)
 ParOldGen       total 98816K, used 6302K [0x00000006c7400000, 0x00000006cd480000, 0x000000076d180000)
  object space 98816K, 6% used [0x00000006c7400000,0x00000006c7a27830,0x00000006cd480000)
 Metaspace       used 28788K, capacity 29014K, committed 29312K, reserved 1075200K
  class space    used 4096K, capacity 4179K, committed 4224K, reserved 1048576K
}
Event: 3.309 GC heap before
{Heap before GC invocations=7 (full 1):
 PSYoungGen      total 139264K, used 89796K [0x000000076d180000, 0x000000077a680000, 0x00000007c0000000)
  eden space 129024K, 63% used [0x000000076d180000,0x000000077211d9e0,0x0000000774f80000)
  from space 10240K, 80% used [0x0000000774f80000,0x0000000775793730,0x0000000775980000)
  to   space 9216K, 0% used [0x0000000779d80000,0x0000000779d80000,0x000000077a680000)
 ParOldGen       total 98816K, used 6302K [0x00000006c7400000, 0x00000006cd480000, 0x000000076d180000)
  object space 98816K, 6% used [0x00000006c7400000,0x00000006c7a27830,0x00000006cd480000)
 Metaspace       used 35010K, capacity 35244K, committed 35416K, reserved 1079296K
  class space    used 5035K, capacity 5103K, committed 5120K, reserved 1048576K
Event: 3.314 GC heap after
Heap after GC invocations=7 (full 1):
 PSYoungGen      total 199680K, used 7145K [0x000000076d180000, 0x000000077a480000, 0x00000007c0000000)
  eden space 192512K, 0% used [0x000000076d180000,0x000000076d180000,0x0000000778d80000)
  from space 7168K, 99% used [0x0000000779d80000,0x000000077a47a448,0x000000077a480000)
  to   space 9728K, 0% used [0x0000000779180000,0x0000000779180000,0x0000000779b00000)
 ParOldGen       total 98816K, used 6310K [0x00000006c7400000, 0x00000006cd480000, 0x000000076d180000)
  object space 98816K, 6% used [0x00000006c7400000,0x00000006c7a29830,0x00000006cd480000)
 Metaspace       used 35010K, capacity 35244K, committed 35416K, reserved 1079296K
  class space    used 5035K, capacity 5103K, committed 5120K, reserved 1048576K
}
Event: 3.314 GC heap before
{Heap before GC invocations=8 (full 2):
 PSYoungGen      total 199680K, used 7145K [0x000000076d180000, 0x000000077a480000, 0x00000007c0000000)
  eden space 192512K, 0% used [0x000000076d180000,0x000000076d180000,0x0000000778d80000)
  from space 7168K, 99% used [0x0000000779d80000,0x000000077a47a448,0x000000077a480000)
  to   space 9728K, 0% used [0x0000000779180000,0x0000000779180000,0x0000000779b00000)
 ParOldGen       total 98816K, used 6310K [0x00000006c7400000, 0x00000006cd480000, 0x000000076d180000)
  object space 98816K, 6% used [0x00000006c7400000,0x00000006c7a29830,0x00000006cd480000)
 Metaspace       used 35010K, capacity 35244K, committed 35416K, reserved 1079296K
  class space    used 5035K, capacity 5103K, committed 5120K, reserved 1048576K
Event: 3.338 GC heap after
Heap after GC invocations=8 (full 2):
 PSYoungGen      total 199680K, used 0K [0x000000076d180000, 0x000000077a480000, 0x00000007c0000000)
  eden space 192512K, 0% used [0x000000076d180000,0x000000076d180000,0x0000000778d80000)
  from space 7168K, 0% used [0x0000000779d80000,0x0000000779d80000,0x000000077a480000)
  to   space 9728K, 0% used [0x0000000779180000,0x0000000779180000,0x0000000779b00000)
 ParOldGen       total 149504K, used 11872K [0x00000006c7400000, 0x00000006d0600000, 0x000000076d180000)
  object space 149504K, 7% used [0x00000006c7400000,0x00000006c7f98218,0x00000006d0600000)
 Metaspace       used 35006K, capacity 35238K, committed 35416K, reserved 1079296K
  class space    used 5034K, capacity 5102K, committed 5120K, reserved 1048576K
}

